<?xml version="1.0" encoding="UTF-8"?>
<!-- Generated by org.testng.reporters.JUnitReportReporter -->
<testsuite hostname="DESKTOP-RDD7TQM" failures="0" tests="3" name="com.sample.test.demo.tests.DemoTest" time="56.657" errors="0" timestamp="24 Apr 2021 15:33:02 GMT" skipped="0">
  <testcase classname="com.sample.test.demo.tests.DemoTest" name="happypathTest" time="18.344"/>
  <testcase classname="com.sample.test.demo.tests.DemoTest" name="negativetest" time="20.381"/>
  <testcase classname="com.sample.test.demo.tests.DemoTest" name="boundrytesting" time="17.932"/>
</testsuite> <!-- com.sample.test.demo.tests.DemoTest -->
